{
  "stats": {
    "suites": 1,
    "tests": 6,
    "passes": 1,
    "pending": 0,
    "failures": 5,
    "start": "2025-01-16T11:50:36.842Z",
    "end": "2025-01-16T11:51:03.191Z",
    "duration": 26349,
    "testsRegistered": 6,
    "passPercent": 16.666666666666664,
    "pendingPercent": 0,
    "other": 0,
    "hasOther": false,
    "skipped": 0,
    "hasSkipped": false
  },
  "results": [
    {
      "uuid": "0fe52c1a-2199-4244-82fc-8b8091409ec8",
      "title": "",
      "fullFile": "cypress\\e2e\\navigation.cy.ts",
      "file": "cypress\\e2e\\navigation.cy.ts",
      "beforeHooks": [],
      "afterHooks": [],
      "tests": [],
      "suites": [
        {
          "uuid": "9b641986-8dde-4aad-a1ba-8706d32787d1",
          "title": "Fortune Telling App Navigation",
          "fullFile": "",
          "file": "",
          "beforeHooks": [],
          "afterHooks": [],
          "tests": [
            {
              "title": "Guest navigation",
              "fullTitle": "Fortune Telling App Navigation Guest navigation",
              "timedOut": null,
              "duration": 824,
              "state": "passed",
              "speed": "fast",
              "pass": true,
              "fail": false,
              "pending": false,
              "context": null,
              "code": "// ヘッダーのリンクをクリック\ncy.get('a[href=\"/login\"]').click();\ncy.url().should('include', '/login');\ncy.visit('/');\ncy.get('a[href=\"/signup\"]').click();\ncy.url().should('include', '/signup');\n// 占い選択画面へのアクセス試行\ncy.visit('/fortune');\ncy.url().should('include', '/login');",
              "err": {},
              "uuid": "bd1ead63-af42-4d73-a47c-537198f2ded9",
              "parentUUID": "9b641986-8dde-4aad-a1ba-8706d32787d1",
              "isHook": false,
              "skipped": false
            },
            {
              "title": "Normal user navigation",
              "fullTitle": "Fortune Telling App Navigation Normal user navigation",
              "timedOut": null,
              "duration": 5051,
              "state": "failed",
              "speed": null,
              "pass": false,
              "fail": true,
              "pending": false,
              "context": null,
              "code": "// ログイン\ncy.get('a[href=\"/login\"]').click();\ncy.get('input[type=\"email\"]').type(users.normal.email);\ncy.get('input[type=\"password\"]').type(users.normal.password);\ncy.get('button[type=\"submit\"]').click();\n// 占い選択画面へ遷移\ncy.url().should('include', '/fortune');\n// 占いメニューの確認\ncy.get('select[data-testid=\"fortune-type\"]').should('exist');\ncy.get('select[data-testid=\"fortune-type\"]').select('astrology');\ncy.url().should('include', '/fortune/astrology');",
              "err": {
                "message": "AssertionError: Timed out retrying after 4000ms: expected 'http://localhost:5173/login' to include '/fortune'",
                "estack": "AssertionError: Timed out retrying after 4000ms: expected 'http://localhost:5173/login' to include '/fortune'\n    at Context.eval (webpack://vite-react-typescript-starter/./cypress/e2e/navigation.cy.ts:40:0)",
                "diff": null
              },
              "uuid": "0b19e88e-27c6-40c8-957b-fe9850f83c9f",
              "parentUUID": "9b641986-8dde-4aad-a1ba-8706d32787d1",
              "isHook": false,
              "skipped": false
            },
            {
              "title": "Subscribed user navigation",
              "fullTitle": "Fortune Telling App Navigation Subscribed user navigation",
              "timedOut": null,
              "duration": 5141,
              "state": "failed",
              "speed": null,
              "pass": false,
              "fail": true,
              "pending": false,
              "context": null,
              "code": "// ログイン\ncy.get('a[href=\"/login\"]').click();\ncy.get('input[type=\"email\"]').type(users.subscriber.email);\ncy.get('input[type=\"password\"]').type(users.subscriber.password);\ncy.get('button[type=\"submit\"]').click();\n// 占い選択画面へ遷移\ncy.url().should('include', '/fortune');\n// 各占いページへのアクセス\ncy.get('select[data-testid=\"fortune-type\"]').select('astrology');\ncy.url().should('include', '/fortune/astrology');\n// 履歴ページへのアクセス\ncy.get('button').contains('履歴').click();\ncy.url().should('include', '/history');",
              "err": {
                "message": "AssertionError: Timed out retrying after 4000ms: expected 'http://localhost:5173/login' to include '/fortune'",
                "estack": "AssertionError: Timed out retrying after 4000ms: expected 'http://localhost:5173/login' to include '/fortune'\n    at Context.eval (webpack://vite-react-typescript-starter/./cypress/e2e/navigation.cy.ts:53:0)",
                "diff": null
              },
              "uuid": "e655263f-9208-4540-8d14-1215fdc6c0d2",
              "parentUUID": "9b641986-8dde-4aad-a1ba-8706d32787d1",
              "isHook": false,
              "skipped": false
            },
            {
              "title": "Test user navigation",
              "fullTitle": "Fortune Telling App Navigation Test user navigation",
              "timedOut": null,
              "duration": 5045,
              "state": "failed",
              "speed": null,
              "pass": false,
              "fail": true,
              "pending": false,
              "context": null,
              "code": "// ログイン\ncy.get('a[href=\"/login\"]').click();\ncy.get('input[type=\"email\"]').type(users.test.email);\ncy.get('input[type=\"password\"]').type(users.test.password);\ncy.get('button[type=\"submit\"]').click();\n// 占い選択画面へ遷移\ncy.url().should('include', '/fortune');\n// 各占いページへのアクセス\ncy.get('select[data-testid=\"fortune-type\"]').select('astrology');\ncy.url().should('include', '/fortune/astrology');",
              "err": {
                "message": "AssertionError: Timed out retrying after 4000ms: Expected to find element: `select[data-testid=\"fortune-type\"]`, but never found it.",
                "estack": "AssertionError: Timed out retrying after 4000ms: Expected to find element: `select[data-testid=\"fortune-type\"]`, but never found it.\n    at Context.eval (webpack://vite-react-typescript-starter/./cypress/e2e/navigation.cy.ts:70:0)",
                "diff": null
              },
              "uuid": "60e67401-291b-43b2-97a4-6dc61f2d8fc5",
              "parentUUID": "9b641986-8dde-4aad-a1ba-8706d32787d1",
              "isHook": false,
              "skipped": false
            },
            {
              "title": "Admin navigation",
              "fullTitle": "Fortune Telling App Navigation Admin navigation",
              "timedOut": null,
              "duration": 5083,
              "state": "failed",
              "speed": null,
              "pass": false,
              "fail": true,
              "pending": false,
              "context": null,
              "code": "// ログイン\ncy.get('a[href=\"/login\"]').click();\ncy.get('input[type=\"email\"]').type(users.admin.email);\ncy.get('input[type=\"password\"]').type(users.admin.password);\ncy.get('button[type=\"submit\"]').click();\n// 占い選択画面へ遷移\ncy.url().should('include', '/fortune');\n// 管理者ページへのアクセス\ncy.get('a[href=\"/admin\"]').click();\ncy.url().should('include', '/admin');",
              "err": {
                "message": "AssertionError: Timed out retrying after 4000ms: expected 'http://localhost:5173/login' to include '/fortune'",
                "estack": "AssertionError: Timed out retrying after 4000ms: expected 'http://localhost:5173/login' to include '/fortune'\n    at Context.eval (webpack://vite-react-typescript-starter/./cypress/e2e/navigation.cy.ts:80:0)",
                "diff": null
              },
              "uuid": "55d194e0-a555-4770-a227-07f027cd66e6",
              "parentUUID": "9b641986-8dde-4aad-a1ba-8706d32787d1",
              "isHook": false,
              "skipped": false
            },
            {
              "title": "New user registration flow",
              "fullTitle": "Fortune Telling App Navigation New user registration flow",
              "timedOut": null,
              "duration": 5067,
              "state": "failed",
              "speed": null,
              "pass": false,
              "fail": true,
              "pending": false,
              "context": null,
              "code": "// 新規登録\ncy.get('a[href=\"/signup\"]').click();\ncy.get('input[type=\"email\"]').type(users.new.email);\ncy.get('input[type=\"password\"]').type(users.new.password);\ncy.get('button[type=\"submit\"]').click();\n// 個人情報登録\ncy.url().should('include', '/personal-info');\ncy.get('input[data-testid=\"name-input\"]').type('Test User');\ncy.get('input[data-testid=\"birth-date-input\"]').type('2000-01-01');\ncy.get('select[data-testid=\"zodiac-select\"]').select('牡羊座');\ncy.get('button[data-testid=\"submit-personal-info\"]').click();\n// 占い選択画面へ遷移\ncy.url().should('include', '/fortune');",
              "err": {
                "message": "AssertionError: Timed out retrying after 4000ms: expected 'http://localhost:5173/signup' to include '/personal-info'",
                "estack": "AssertionError: Timed out retrying after 4000ms: expected 'http://localhost:5173/signup' to include '/personal-info'\n    at Context.eval (webpack://vite-react-typescript-starter/./cypress/e2e/navigation.cy.ts:92:0)",
                "diff": null
              },
              "uuid": "4c2ebf8b-1045-4a26-b894-120c25b0bd11",
              "parentUUID": "9b641986-8dde-4aad-a1ba-8706d32787d1",
              "isHook": false,
              "skipped": false
            }
          ],
          "suites": [],
          "passes": [
            "bd1ead63-af42-4d73-a47c-537198f2ded9"
          ],
          "failures": [
            "0b19e88e-27c6-40c8-957b-fe9850f83c9f",
            "e655263f-9208-4540-8d14-1215fdc6c0d2",
            "60e67401-291b-43b2-97a4-6dc61f2d8fc5",
            "55d194e0-a555-4770-a227-07f027cd66e6",
            "4c2ebf8b-1045-4a26-b894-120c25b0bd11"
          ],
          "pending": [],
          "skipped": [],
          "duration": 26211,
          "root": false,
          "rootEmpty": false,
          "_timeout": 2000
        }
      ],
      "passes": [],
      "failures": [],
      "pending": [],
      "skipped": [],
      "duration": 0,
      "root": true,
      "rootEmpty": true,
      "_timeout": 2000
    }
  ],
  "meta": {
    "mocha": {
      "version": "7.0.1"
    },
    "mochawesome": {
      "options": {
        "quiet": false,
        "reportFilename": "mochawesome",
        "saveHtml": true,
        "saveJson": true,
        "consoleReporter": "spec",
        "useInlineDiffs": false,
        "code": true
      },
      "version": "7.1.3"
    },
    "marge": {
      "options": {
        "reportDir": "cypress/reports",
        "overwrite": false,
        "html": true,
        "json": true
      },
      "version": "6.2.0"
    }
  }
}