{
  "stats": {
    "suites": 7,
    "tests": 7,
    "passes": 2,
    "pending": 0,
    "failures": 5,
    "start": "2025-01-16T11:49:16.869Z",
    "end": "2025-01-16T11:49:44.098Z",
    "duration": 27229,
    "testsRegistered": 7,
    "passPercent": 28.57142857142857,
    "pendingPercent": 0,
    "other": 0,
    "hasOther": false,
    "skipped": 0,
    "hasSkipped": false
  },
  "results": [
    {
      "uuid": "3e30fc30-5139-4efd-8695-d9595fff6887",
      "title": "",
      "fullFile": "cypress\\e2e\\navigation.cy.ts",
      "file": "cypress\\e2e\\navigation.cy.ts",
      "beforeHooks": [],
      "afterHooks": [],
      "tests": [],
      "suites": [
        {
          "uuid": "5c711224-24dc-40f1-bdd2-7547d4e151b2",
          "title": "Fortune Telling App Navigation",
          "fullFile": "",
          "file": "",
          "beforeHooks": [],
          "afterHooks": [],
          "tests": [],
          "suites": [
            {
              "uuid": "188fe8a8-0de9-4d51-9205-6a9f22fbce54",
              "title": "Guest Navigation",
              "fullFile": "",
              "file": "",
              "beforeHooks": [],
              "afterHooks": [],
              "tests": [
                {
                  "title": "should navigate from homepage buttons",
                  "fullTitle": "Fortune Telling App Navigation Guest Navigation should navigate from homepage buttons",
                  "timedOut": null,
                  "duration": 1150,
                  "state": "passed",
                  "speed": "fast",
                  "pass": true,
                  "fail": false,
                  "pending": false,
                  "context": null,
                  "code": "// ヘッダーのリンクをクリック\ncy.get('a[href=\"/login\"]').click();\ncy.url().should('include', '/login');\ncy.visit('/');\ncy.get('a[href=\"/signup\"]').click();\ncy.url().should('include', '/signup');\n// 占い選択をクリック\ncy.visit('/');\ncy.contains('div', '星占い').click();\ncy.url().should('include', '/login');\ncy.visit('/');\ncy.contains('div', 'タロット占い').click();\ncy.url().should('include', '/login');",
                  "err": {},
                  "uuid": "d8810a8c-8839-468d-86de-4db5060d26df",
                  "parentUUID": "188fe8a8-0de9-4d51-9205-6a9f22fbce54",
                  "isHook": false,
                  "skipped": false
                },
                {
                  "title": "should redirect protected routes to login",
                  "fullTitle": "Fortune Telling App Navigation Guest Navigation should redirect protected routes to login",
                  "timedOut": null,
                  "duration": 904,
                  "state": "passed",
                  "speed": "fast",
                  "pass": true,
                  "fail": false,
                  "pending": false,
                  "context": null,
                  "code": "fortunePaths.forEach(path => {\n    cy.visit(path);\n    cy.url().should('include', '/login');\n});",
                  "err": {},
                  "uuid": "67370e82-0592-4345-91a7-99add0c4084e",
                  "parentUUID": "188fe8a8-0de9-4d51-9205-6a9f22fbce54",
                  "isHook": false,
                  "skipped": false
                }
              ],
              "suites": [],
              "passes": [
                "d8810a8c-8839-468d-86de-4db5060d26df",
                "67370e82-0592-4345-91a7-99add0c4084e"
              ],
              "failures": [],
              "pending": [],
              "skipped": [],
              "duration": 2054,
              "root": false,
              "rootEmpty": false,
              "_timeout": 2000
            },
            {
              "uuid": "4914f7ed-8395-4dc4-bfc2-96c8dfbcc278",
              "title": "Normal User Navigation",
              "fullFile": "",
              "file": "",
              "beforeHooks": [],
              "afterHooks": [],
              "tests": [
                {
                  "title": "should navigate from homepage after login",
                  "fullTitle": "Fortune Telling App Navigation Normal User Navigation should navigate from homepage after login",
                  "timedOut": null,
                  "duration": 5234,
                  "state": "failed",
                  "speed": null,
                  "pass": false,
                  "fail": true,
                  "pending": false,
                  "context": null,
                  "code": "// 占い選択をクリック\ncy.contains('div', '星占い').click();\ncy.url().should('include', '/subscription');\ncy.visit('/fortune');\ncy.contains('div', 'タロット占い').click();\ncy.url().should('include', '/subscription');",
                  "err": {
                    "message": "AssertionError: Timed out retrying after 4000ms: Expected to find content: '星占い' within the selector: 'div' but never did.",
                    "estack": "AssertionError: Timed out retrying after 4000ms: Expected to find content: '星占い' within the selector: 'div' but never did.\n    at Context.eval (webpack://vite-react-typescript-starter/./cypress/e2e/navigation.cy.ts:96:0)",
                    "diff": null
                  },
                  "uuid": "627267da-cc19-4fe4-9971-0a9529493eb4",
                  "parentUUID": "4914f7ed-8395-4dc4-bfc2-96c8dfbcc278",
                  "isHook": false,
                  "skipped": false
                }
              ],
              "suites": [],
              "passes": [],
              "failures": [
                "627267da-cc19-4fe4-9971-0a9529493eb4"
              ],
              "pending": [],
              "skipped": [],
              "duration": 5234,
              "root": false,
              "rootEmpty": false,
              "_timeout": 2000
            },
            {
              "uuid": "6886575b-e35b-4c51-a326-2de56b498eb5",
              "title": "Subscribed User Navigation",
              "fullFile": "",
              "file": "",
              "beforeHooks": [],
              "afterHooks": [],
              "tests": [
                {
                  "title": "should access all fortune features from homepage",
                  "fullTitle": "Fortune Telling App Navigation Subscribed User Navigation should access all fortune features from homepage",
                  "timedOut": null,
                  "duration": 5033,
                  "state": "failed",
                  "speed": null,
                  "pass": false,
                  "fail": true,
                  "pending": false,
                  "context": null,
                  "code": "// 占い選択をクリック\ncy.contains('div', '星占い').click();\ncy.url().should('include', '/fortune/astrology');\ncy.visit('/fortune');\ncy.contains('div', 'タロット占い').click();\ncy.url().should('include', '/fortune/tarot');",
                  "err": {
                    "message": "AssertionError: Timed out retrying after 4000ms: Expected to find content: '星占い' within the selector: 'div' but never did.",
                    "estack": "AssertionError: Timed out retrying after 4000ms: Expected to find content: '星占い' within the selector: 'div' but never did.\n    at Context.eval (webpack://vite-react-typescript-starter/./cypress/e2e/navigation.cy.ts:113:0)",
                    "diff": null
                  },
                  "uuid": "bb0a2bf5-67a9-4ead-864d-4ac844db987d",
                  "parentUUID": "6886575b-e35b-4c51-a326-2de56b498eb5",
                  "isHook": false,
                  "skipped": false
                }
              ],
              "suites": [],
              "passes": [],
              "failures": [
                "bb0a2bf5-67a9-4ead-864d-4ac844db987d"
              ],
              "pending": [],
              "skipped": [],
              "duration": 5033,
              "root": false,
              "rootEmpty": false,
              "_timeout": 2000
            },
            {
              "uuid": "516d9493-c887-4c03-8588-fbe8cb0b76b8",
              "title": "Test User Navigation",
              "fullFile": "",
              "file": "",
              "beforeHooks": [],
              "afterHooks": [],
              "tests": [
                {
                  "title": "should access all features without subscription",
                  "fullTitle": "Fortune Telling App Navigation Test User Navigation should access all features without subscription",
                  "timedOut": null,
                  "duration": 4904,
                  "state": "failed",
                  "speed": null,
                  "pass": false,
                  "fail": true,
                  "pending": false,
                  "context": null,
                  "code": "// 占い選択をクリック\ncy.contains('div', '星占い').click();\ncy.url().should('include', '/fortune/astrology');\ncy.visit('/fortune');\ncy.contains('div', 'タロット占い').click();\ncy.url().should('include', '/fortune/tarot');",
                  "err": {
                    "message": "AssertionError: Timed out retrying after 4000ms: Expected to find content: '星占い' within the selector: 'div' but never did.",
                    "estack": "AssertionError: Timed out retrying after 4000ms: Expected to find content: '星占い' within the selector: 'div' but never did.\n    at Context.eval (webpack://vite-react-typescript-starter/./cypress/e2e/navigation.cy.ts:130:0)",
                    "diff": null
                  },
                  "uuid": "528aa942-b64b-49e4-bd1e-8c1ad7a75d51",
                  "parentUUID": "516d9493-c887-4c03-8588-fbe8cb0b76b8",
                  "isHook": false,
                  "skipped": false
                }
              ],
              "suites": [],
              "passes": [],
              "failures": [
                "528aa942-b64b-49e4-bd1e-8c1ad7a75d51"
              ],
              "pending": [],
              "skipped": [],
              "duration": 4904,
              "root": false,
              "rootEmpty": false,
              "_timeout": 2000
            },
            {
              "uuid": "06b4f490-b92a-40ba-a0e1-01165b9e88e3",
              "title": "Admin Navigation",
              "fullFile": "",
              "file": "",
              "beforeHooks": [],
              "afterHooks": [],
              "tests": [
                {
                  "title": "should access admin features from homepage",
                  "fullTitle": "Fortune Telling App Navigation Admin Navigation should access admin features from homepage",
                  "timedOut": null,
                  "duration": 4915,
                  "state": "failed",
                  "speed": null,
                  "pass": false,
                  "fail": true,
                  "pending": false,
                  "context": null,
                  "code": "// 管理画面リンクをクリック\ncy.get('a[href=\"/admin\"]').click();\ncy.url().should('include', '/admin');",
                  "err": {
                    "message": "AssertionError: Timed out retrying after 4000ms: Expected to find element: `a[href=\"/admin\"]`, but never found it.",
                    "estack": "AssertionError: Timed out retrying after 4000ms: Expected to find element: `a[href=\"/admin\"]`, but never found it.\n    at Context.eval (webpack://vite-react-typescript-starter/./cypress/e2e/navigation.cy.ts:147:0)",
                    "diff": null
                  },
                  "uuid": "68b9c7c7-2d15-45f8-94c9-4ea889941e78",
                  "parentUUID": "06b4f490-b92a-40ba-a0e1-01165b9e88e3",
                  "isHook": false,
                  "skipped": false
                }
              ],
              "suites": [],
              "passes": [],
              "failures": [
                "68b9c7c7-2d15-45f8-94c9-4ea889941e78"
              ],
              "pending": [],
              "skipped": [],
              "duration": 4915,
              "root": false,
              "rootEmpty": false,
              "_timeout": 2000
            },
            {
              "uuid": "b60854b6-f628-4e83-8ba0-b7897b378651",
              "title": "New User Registration Flow",
              "fullFile": "",
              "file": "",
              "beforeHooks": [],
              "afterHooks": [],
              "tests": [
                {
                  "title": "should complete signup and personal info",
                  "fullTitle": "Fortune Telling App Navigation New User Registration Flow should complete signup and personal info",
                  "timedOut": null,
                  "duration": 4918,
                  "state": "failed",
                  "speed": null,
                  "pass": false,
                  "fail": true,
                  "pending": false,
                  "context": null,
                  "code": "cy.visit('/');\ncy.get('a[href=\"/signup\"]').click();\ncy.url().should('include', '/signup');\n// サインアップフォームの入力\ncy.get('input[type=\"email\"]').type(users.new.email);\ncy.get('input[type=\"password\"]').type(users.new.password);\ncy.get('input[type=\"password\"]').eq(1).type(users.new.password);\ncy.get('button[type=\"submit\"]').click();\n// パーソナル情報の入力\ncy.get('input[placeholder=\"お名前（ニックネーム可）\"]').type('Test User');\ncy.contains('button', '次へ').click();\ncy.get('input[type=\"date\"]').type('2000-01-01');\ncy.contains('button', '次へ').click();\ncy.get('input[type=\"time\"]').type('12:00');\ncy.contains('button', '次へ').click();\ncy.contains('button', '男性').click();\ncy.contains('button', '完了').click();\n// フォーチュンページへの遷移を確認\ncy.url().should('include', '/fortune');",
                  "err": {
                    "message": "AssertionError: Timed out retrying after 4000ms: Expected to find element: `1`, but never found it. Queried from:\n\n              > cy.get(input[type=\"password\"])",
                    "estack": "AssertionError: Timed out retrying after 4000ms: Expected to find element: `1`, but never found it. Queried from:\n\n              > cy.get(input[type=\"password\"])\n    at Context.eval (webpack://vite-react-typescript-starter/./cypress/e2e/navigation.cy.ts:159:0)",
                    "diff": null
                  },
                  "uuid": "f8b1e4d1-c757-4386-b47a-a8830c5fa109",
                  "parentUUID": "b60854b6-f628-4e83-8ba0-b7897b378651",
                  "isHook": false,
                  "skipped": false
                }
              ],
              "suites": [],
              "passes": [],
              "failures": [
                "f8b1e4d1-c757-4386-b47a-a8830c5fa109"
              ],
              "pending": [],
              "skipped": [],
              "duration": 4918,
              "root": false,
              "rootEmpty": false,
              "_timeout": 2000
            }
          ],
          "passes": [],
          "failures": [],
          "pending": [],
          "skipped": [],
          "duration": 0,
          "root": false,
          "rootEmpty": false,
          "_timeout": 2000
        }
      ],
      "passes": [],
      "failures": [],
      "pending": [],
      "skipped": [],
      "duration": 0,
      "root": true,
      "rootEmpty": true,
      "_timeout": 2000
    }
  ],
  "meta": {
    "mocha": {
      "version": "7.0.1"
    },
    "mochawesome": {
      "options": {
        "quiet": false,
        "reportFilename": "mochawesome",
        "saveHtml": true,
        "saveJson": true,
        "consoleReporter": "spec",
        "useInlineDiffs": false,
        "code": true
      },
      "version": "7.1.3"
    },
    "marge": {
      "options": {
        "reportDir": "cypress/reports",
        "overwrite": false,
        "html": true,
        "json": true
      },
      "version": "6.2.0"
    }
  }
}