{
  "stats": {
    "suites": 1,
    "tests": 6,
    "passes": 1,
    "pending": 0,
    "failures": 5,
    "start": "2025-01-16T12:08:02.023Z",
    "end": "2025-01-16T12:08:28.509Z",
    "duration": 26486,
    "testsRegistered": 6,
    "passPercent": 16.666666666666664,
    "pendingPercent": 0,
    "other": 0,
    "hasOther": false,
    "skipped": 0,
    "hasSkipped": false
  },
  "results": [
    {
      "uuid": "66bdfe36-8776-4770-a8bd-df23624500a1",
      "title": "",
      "fullFile": "cypress\\e2e\\navigation.cy.ts",
      "file": "cypress\\e2e\\navigation.cy.ts",
      "beforeHooks": [],
      "afterHooks": [],
      "tests": [],
      "suites": [
        {
          "uuid": "fd53317c-fa9e-4a61-aa49-3f578c8a08f5",
          "title": "Fortune Telling App Navigation",
          "fullFile": "",
          "file": "",
          "beforeHooks": [],
          "afterHooks": [],
          "tests": [
            {
              "title": "Guest navigation",
              "fullTitle": "Fortune Telling App Navigation Guest navigation",
              "timedOut": null,
              "duration": 675,
              "state": "passed",
              "speed": "fast",
              "pass": true,
              "fail": false,
              "pending": false,
              "context": null,
              "code": "cy.get('a[href=\"/login\"]').click();\ncy.url().should('include', '/login');\ncy.go('back');\ncy.get('a[href=\"/signup\"]').click();\ncy.url().should('include', '/signup');",
              "err": {},
              "uuid": "cc2bef2b-5694-4dc5-9d0a-22892fd10159",
              "parentUUID": "fd53317c-fa9e-4a61-aa49-3f578c8a08f5",
              "isHook": false,
              "skipped": false
            },
            {
              "title": "Normal user navigation",
              "fullTitle": "Fortune Telling App Navigation Normal user navigation",
              "timedOut": null,
              "duration": 5152,
              "state": "failed",
              "speed": null,
              "pass": false,
              "fail": true,
              "pending": false,
              "context": null,
              "code": "cy.get('a[href=\"/login\"]').click();\ncy.get('input[type=\"email\"]').type('user@example.com');\ncy.get('input[type=\"password\"]').type('password123');\ncy.get('button[type=\"submit\"]').click();\ncy.url().should('include', '/fortune');\ncy.get('div.group.cursor-pointer').contains('星占い').click();\ncy.url().should('include', '/fortune/astrology');",
              "err": {
                "message": "AssertionError: Timed out retrying after 4000ms: expected 'http://localhost:5173/login' to include '/fortune'",
                "estack": "AssertionError: Timed out retrying after 4000ms: expected 'http://localhost:5173/login' to include '/fortune'\n    at Context.eval (webpack://vite-react-typescript-starter/./cypress/e2e/navigation.cy.ts:18:0)",
                "diff": null
              },
              "uuid": "1d536a0a-702f-406d-9d25-70d0ecbb9873",
              "parentUUID": "fd53317c-fa9e-4a61-aa49-3f578c8a08f5",
              "isHook": false,
              "skipped": false
            },
            {
              "title": "Subscribed user navigation",
              "fullTitle": "Fortune Telling App Navigation Subscribed user navigation",
              "timedOut": null,
              "duration": 5182,
              "state": "failed",
              "speed": null,
              "pass": false,
              "fail": true,
              "pending": false,
              "context": null,
              "code": "cy.get('a[href=\"/login\"]').click();\ncy.get('input[type=\"email\"]').type('subscriber@example.com');\ncy.get('input[type=\"password\"]').type('password123');\ncy.get('button[type=\"submit\"]').click();\ncy.url().should('include', '/fortune');\ncy.get('div.group.cursor-pointer').contains('星占い').click();\ncy.url().should('include', '/fortune/astrology');",
              "err": {
                "message": "AssertionError: Timed out retrying after 4000ms: expected 'http://localhost:5173/login' to include '/fortune'",
                "estack": "AssertionError: Timed out retrying after 4000ms: expected 'http://localhost:5173/login' to include '/fortune'\n    at Context.eval (webpack://vite-react-typescript-starter/./cypress/e2e/navigation.cy.ts:27:0)",
                "diff": null
              },
              "uuid": "6e845fff-7848-4cde-b591-bd37065b96ec",
              "parentUUID": "fd53317c-fa9e-4a61-aa49-3f578c8a08f5",
              "isHook": false,
              "skipped": false
            },
            {
              "title": "Test user navigation",
              "fullTitle": "Fortune Telling App Navigation Test user navigation",
              "timedOut": null,
              "duration": 5088,
              "state": "failed",
              "speed": null,
              "pass": false,
              "fail": true,
              "pending": false,
              "context": null,
              "code": "cy.get('a[href=\"/login\"]').click();\ncy.get('input[type=\"email\"]').type('test@example.com');\ncy.get('input[type=\"password\"]').type('password123');\ncy.get('button[type=\"submit\"]').click();\ncy.url().should('include', '/fortune');\ncy.get('div.group.cursor-pointer').contains('星占い').click();\ncy.url().should('include', '/fortune/astrology');",
              "err": {
                "message": "AssertionError: Timed out retrying after 4000ms: Expected to find element: `div.group.cursor-pointer`, but never found it.",
                "estack": "AssertionError: Timed out retrying after 4000ms: Expected to find element: `div.group.cursor-pointer`, but never found it.\n    at Context.eval (webpack://vite-react-typescript-starter/./cypress/e2e/navigation.cy.ts:37:0)",
                "diff": null
              },
              "uuid": "7a58559c-3683-4dd0-98e2-1e3800a07e42",
              "parentUUID": "fd53317c-fa9e-4a61-aa49-3f578c8a08f5",
              "isHook": false,
              "skipped": false
            },
            {
              "title": "Admin navigation",
              "fullTitle": "Fortune Telling App Navigation Admin navigation",
              "timedOut": null,
              "duration": 5115,
              "state": "failed",
              "speed": null,
              "pass": false,
              "fail": true,
              "pending": false,
              "context": null,
              "code": "cy.get('a[href=\"/login\"]').click();\ncy.get('input[type=\"email\"]').type('admin@example.com');\ncy.get('input[type=\"password\"]').type('password123');\ncy.get('button[type=\"submit\"]').click();\ncy.url().should('include', '/fortune');\ncy.get('button').contains('管理画面').click();\ncy.url().should('include', '/admin');",
              "err": {
                "message": "AssertionError: Timed out retrying after 4000ms: expected 'http://localhost:5173/login' to include '/fortune'",
                "estack": "AssertionError: Timed out retrying after 4000ms: expected 'http://localhost:5173/login' to include '/fortune'\n    at Context.eval (webpack://vite-react-typescript-starter/./cypress/e2e/navigation.cy.ts:45:0)",
                "diff": null
              },
              "uuid": "c28ef34c-ef37-403f-9745-71efd5ea6e00",
              "parentUUID": "fd53317c-fa9e-4a61-aa49-3f578c8a08f5",
              "isHook": false,
              "skipped": false
            },
            {
              "title": "New user registration flow",
              "fullTitle": "Fortune Telling App Navigation New user registration flow",
              "timedOut": null,
              "duration": 5119,
              "state": "failed",
              "speed": null,
              "pass": false,
              "fail": true,
              "pending": false,
              "context": null,
              "code": "cy.get('a[href=\"/signup\"]').click();\ncy.get('input[type=\"email\"]').type('new@example.com');\ncy.get('input[type=\"password\"]').type('password123');\ncy.get('button[type=\"submit\"]').click();\ncy.url().should('include', '/personal-info');\ncy.get('input[name=\"name\"]').type('Test User');\ncy.get('input[name=\"birthDate\"]').type('2000-01-01');\ncy.get('input[name=\"birthTime\"]').type('12:00');\ncy.get('select[name=\"gender\"]').select('その他');\ncy.get('button[type=\"submit\"]').click();\ncy.url().should('include', '/fortune');",
              "err": {
                "message": "AssertionError: Timed out retrying after 4000ms: expected 'http://localhost:5173/signup' to include '/personal-info'",
                "estack": "AssertionError: Timed out retrying after 4000ms: expected 'http://localhost:5173/signup' to include '/personal-info'\n    at Context.eval (webpack://vite-react-typescript-starter/./cypress/e2e/navigation.cy.ts:54:0)",
                "diff": null
              },
              "uuid": "7e96cc44-d566-471e-833d-c1d9a4682c12",
              "parentUUID": "fd53317c-fa9e-4a61-aa49-3f578c8a08f5",
              "isHook": false,
              "skipped": false
            }
          ],
          "suites": [],
          "passes": [
            "cc2bef2b-5694-4dc5-9d0a-22892fd10159"
          ],
          "failures": [
            "1d536a0a-702f-406d-9d25-70d0ecbb9873",
            "6e845fff-7848-4cde-b591-bd37065b96ec",
            "7a58559c-3683-4dd0-98e2-1e3800a07e42",
            "c28ef34c-ef37-403f-9745-71efd5ea6e00",
            "7e96cc44-d566-471e-833d-c1d9a4682c12"
          ],
          "pending": [],
          "skipped": [],
          "duration": 26331,
          "root": false,
          "rootEmpty": false,
          "_timeout": 2000
        }
      ],
      "passes": [],
      "failures": [],
      "pending": [],
      "skipped": [],
      "duration": 0,
      "root": true,
      "rootEmpty": true,
      "_timeout": 2000
    }
  ],
  "meta": {
    "mocha": {
      "version": "7.0.1"
    },
    "mochawesome": {
      "options": {
        "quiet": false,
        "reportFilename": "mochawesome",
        "saveHtml": true,
        "saveJson": true,
        "consoleReporter": "spec",
        "useInlineDiffs": false,
        "code": true
      },
      "version": "7.1.3"
    },
    "marge": {
      "options": {
        "reportDir": "cypress/reports",
        "overwrite": false,
        "html": true,
        "json": true
      },
      "version": "6.2.0"
    }
  }
}