{
  "stats": {
    "suites": 1,
    "tests": 6,
    "passes": 1,
    "pending": 0,
    "failures": 5,
    "start": "2025-01-16T12:03:28.142Z",
    "end": "2025-01-16T12:03:54.700Z",
    "duration": 26558,
    "testsRegistered": 6,
    "passPercent": 16.666666666666664,
    "pendingPercent": 0,
    "other": 0,
    "hasOther": false,
    "skipped": 0,
    "hasSkipped": false
  },
  "results": [
    {
      "uuid": "7e9a1cdc-803f-41c7-ab0a-dfb9c05503e2",
      "title": "",
      "fullFile": "cypress\\e2e\\navigation.cy.ts",
      "file": "cypress\\e2e\\navigation.cy.ts",
      "beforeHooks": [],
      "afterHooks": [],
      "tests": [],
      "suites": [
        {
          "uuid": "104a3fea-c26c-4cdf-990e-95b417c38982",
          "title": "Fortune Telling App Navigation",
          "fullFile": "",
          "file": "",
          "beforeHooks": [],
          "afterHooks": [],
          "tests": [
            {
              "title": "Guest navigation",
              "fullTitle": "Fortune Telling App Navigation Guest navigation",
              "timedOut": null,
              "duration": 651,
              "state": "passed",
              "speed": "fast",
              "pass": true,
              "fail": false,
              "pending": false,
              "context": null,
              "code": "cy.get('a[href=\"/login\"]').click();\ncy.url().should('include', '/login');\ncy.go('back');\ncy.get('a[href=\"/signup\"]').click();\ncy.url().should('include', '/signup');",
              "err": {},
              "uuid": "f544e985-fb67-4b67-aea4-7acdf3a83000",
              "parentUUID": "104a3fea-c26c-4cdf-990e-95b417c38982",
              "isHook": false,
              "skipped": false
            },
            {
              "title": "Normal user navigation",
              "fullTitle": "Fortune Telling App Navigation Normal user navigation",
              "timedOut": null,
              "duration": 5336,
              "state": "failed",
              "speed": null,
              "pass": false,
              "fail": true,
              "pending": false,
              "context": null,
              "code": "cy.intercept('POST', '/api/auth/login', {\n    statusCode: 200,\n    body: {\n        token: 'mock-token',\n        user: {\n            id: '1',\n            email: 'user@example.com',\n            role: 'USER',\n            isSubscribed: false\n        }\n    }\n}).as('loginRequest');\ncy.get('a[href=\"/login\"]').click();\ncy.get('input[type=\"email\"]').type('user@example.com');\ncy.get('input[type=\"password\"]').type('password123');\ncy.get('button[type=\"submit\"]').click();\ncy.wait('@loginRequest');\ncy.url().should('include', '/fortune');\ncy.get('[data-testid=\"fortune-type\"]').select('astrology');\ncy.url().should('include', '/fortune/astrology');",
              "err": {
                "message": "AssertionError: Timed out retrying after 4000ms: Expected to find element: `[data-testid=\"fortune-type\"]`, but never found it.",
                "estack": "AssertionError: Timed out retrying after 4000ms: Expected to find element: `[data-testid=\"fortune-type\"]`, but never found it.\n    at Context.eval (webpack://vite-react-typescript-starter/./cypress/e2e/navigation.cy.ts:32:0)",
                "diff": null
              },
              "uuid": "70f7ce40-2ef6-46bc-8ca0-130e5e95e2f8",
              "parentUUID": "104a3fea-c26c-4cdf-990e-95b417c38982",
              "isHook": false,
              "skipped": false
            },
            {
              "title": "Subscribed user navigation",
              "fullTitle": "Fortune Telling App Navigation Subscribed user navigation",
              "timedOut": null,
              "duration": 5091,
              "state": "failed",
              "speed": null,
              "pass": false,
              "fail": true,
              "pending": false,
              "context": null,
              "code": "cy.intercept('POST', '/api/auth/login', {\n    statusCode: 200,\n    body: {\n        token: 'mock-token',\n        user: {\n            id: '2',\n            email: 'subscriber@example.com',\n            role: 'USER',\n            isSubscribed: true\n        }\n    }\n}).as('loginRequest');\ncy.get('a[href=\"/login\"]').click();\ncy.get('input[type=\"email\"]').type('subscriber@example.com');\ncy.get('input[type=\"password\"]').type('password123');\ncy.get('button[type=\"submit\"]').click();\ncy.wait('@loginRequest');\ncy.url().should('include', '/fortune');\ncy.get('[data-testid=\"fortune-type\"]').select('astrology');\ncy.url().should('include', '/fortune/astrology');",
              "err": {
                "message": "AssertionError: Timed out retrying after 4000ms: Expected to find element: `[data-testid=\"fortune-type\"]`, but never found it.",
                "estack": "AssertionError: Timed out retrying after 4000ms: Expected to find element: `[data-testid=\"fortune-type\"]`, but never found it.\n    at Context.eval (webpack://vite-react-typescript-starter/./cypress/e2e/navigation.cy.ts:54:0)",
                "diff": null
              },
              "uuid": "80ea375c-f086-47ed-b0e9-717993583975",
              "parentUUID": "104a3fea-c26c-4cdf-990e-95b417c38982",
              "isHook": false,
              "skipped": false
            },
            {
              "title": "Test user navigation",
              "fullTitle": "Fortune Telling App Navigation Test user navigation",
              "timedOut": null,
              "duration": 5254,
              "state": "failed",
              "speed": null,
              "pass": false,
              "fail": true,
              "pending": false,
              "context": null,
              "code": "cy.intercept('POST', '/api/auth/login', {\n    statusCode: 200,\n    body: {\n        token: 'mock-token',\n        user: {\n            id: '3',\n            email: 'test@example.com',\n            role: 'TEST_USER',\n            isSubscribed: true\n        }\n    }\n}).as('loginRequest');\ncy.get('a[href=\"/login\"]').click();\ncy.get('input[type=\"email\"]').type('test@example.com');\ncy.get('input[type=\"password\"]').type('password123');\ncy.get('button[type=\"submit\"]').click();\ncy.wait('@loginRequest');\ncy.url().should('include', '/fortune');\ncy.get('[data-testid=\"fortune-type\"]').select('astrology');\ncy.url().should('include', '/fortune/astrology');",
              "err": {
                "message": "AssertionError: Timed out retrying after 4000ms: Expected to find element: `[data-testid=\"fortune-type\"]`, but never found it.",
                "estack": "AssertionError: Timed out retrying after 4000ms: Expected to find element: `[data-testid=\"fortune-type\"]`, but never found it.\n    at Context.eval (webpack://vite-react-typescript-starter/./cypress/e2e/navigation.cy.ts:76:0)",
                "diff": null
              },
              "uuid": "8a69ea23-eb71-4850-88a5-5abd78a827a1",
              "parentUUID": "104a3fea-c26c-4cdf-990e-95b417c38982",
              "isHook": false,
              "skipped": false
            },
            {
              "title": "Admin navigation",
              "fullTitle": "Fortune Telling App Navigation Admin navigation",
              "timedOut": null,
              "duration": 5006,
              "state": "failed",
              "speed": null,
              "pass": false,
              "fail": true,
              "pending": false,
              "context": null,
              "code": "cy.intercept('POST', '/api/auth/login', {\n    statusCode: 200,\n    body: {\n        token: 'mock-token',\n        user: {\n            id: '4',\n            email: 'admin@example.com',\n            role: 'ADMIN',\n            isSubscribed: true\n        }\n    }\n}).as('loginRequest');\ncy.get('a[href=\"/login\"]').click();\ncy.get('input[type=\"email\"]').type('admin@example.com');\ncy.get('input[type=\"password\"]').type('password123');\ncy.get('button[type=\"submit\"]').click();\ncy.wait('@loginRequest');\ncy.url().should('include', '/fortune');\ncy.get('button').contains('管理画面').click();\ncy.url().should('include', '/admin');",
              "err": {
                "message": "AssertionError: Timed out retrying after 4000ms: Expected to find content: '管理画面' within the element: <button.px-6.py-2.bg-purple-500.text-white.rounded-full.hover:bg-purple-600.transition-colors.flex.items-center.gap-2> but never did.",
                "estack": "AssertionError: Timed out retrying after 4000ms: Expected to find content: '管理画面' within the element: <button.px-6.py-2.bg-purple-500.text-white.rounded-full.hover:bg-purple-600.transition-colors.flex.items-center.gap-2> but never did.\n    at Context.eval (webpack://vite-react-typescript-starter/./cypress/e2e/navigation.cy.ts:98:0)",
                "diff": null
              },
              "uuid": "473ae494-c200-41c1-9fa1-13d0073c3a61",
              "parentUUID": "104a3fea-c26c-4cdf-990e-95b417c38982",
              "isHook": false,
              "skipped": false
            },
            {
              "title": "New user registration flow",
              "fullTitle": "Fortune Telling App Navigation New user registration flow",
              "timedOut": null,
              "duration": 5069,
              "state": "failed",
              "speed": null,
              "pass": false,
              "fail": true,
              "pending": false,
              "context": null,
              "code": "cy.intercept('POST', '/api/auth/signup', {\n    statusCode: 200,\n    body: {\n        token: 'mock-token',\n        user: {\n            id: '5',\n            email: 'new@example.com',\n            role: 'USER',\n            isSubscribed: false\n        }\n    }\n}).as('signupRequest');\ncy.intercept('POST', '/api/user/personal-info', {\n    statusCode: 200,\n    body: {\n        message: 'Personal info saved successfully'\n    }\n}).as('personalInfoRequest');\ncy.get('a[href=\"/signup\"]').click();\ncy.get('input[type=\"email\"]').type('new@example.com');\ncy.get('input[type=\"password\"]').type('password123');\ncy.get('button[type=\"submit\"]').click();\ncy.wait('@signupRequest');\ncy.url().should('include', '/personal-info');\ncy.get('input[name=\"name\"]').type('Test User');\ncy.get('input[name=\"birthDate\"]').type('2000-01-01');\ncy.get('button[type=\"submit\"]').click();\ncy.wait('@personalInfoRequest');\ncy.url().should('include', '/fortune');",
              "err": {
                "message": "AssertionError: Timed out retrying after 4000ms: Expected to find element: `input[name=\"name\"]`, but never found it.",
                "estack": "AssertionError: Timed out retrying after 4000ms: Expected to find element: `input[name=\"name\"]`, but never found it.\n    at Context.eval (webpack://vite-react-typescript-starter/./cypress/e2e/navigation.cy.ts:126:0)",
                "diff": null
              },
              "uuid": "a4fa7b8d-f622-4eac-b97c-10b6c4fb86f0",
              "parentUUID": "104a3fea-c26c-4cdf-990e-95b417c38982",
              "isHook": false,
              "skipped": false
            }
          ],
          "suites": [],
          "passes": [
            "f544e985-fb67-4b67-aea4-7acdf3a83000"
          ],
          "failures": [
            "70f7ce40-2ef6-46bc-8ca0-130e5e95e2f8",
            "80ea375c-f086-47ed-b0e9-717993583975",
            "8a69ea23-eb71-4850-88a5-5abd78a827a1",
            "473ae494-c200-41c1-9fa1-13d0073c3a61",
            "a4fa7b8d-f622-4eac-b97c-10b6c4fb86f0"
          ],
          "pending": [],
          "skipped": [],
          "duration": 26407,
          "root": false,
          "rootEmpty": false,
          "_timeout": 2000
        }
      ],
      "passes": [],
      "failures": [],
      "pending": [],
      "skipped": [],
      "duration": 0,
      "root": true,
      "rootEmpty": true,
      "_timeout": 2000
    }
  ],
  "meta": {
    "mocha": {
      "version": "7.0.1"
    },
    "mochawesome": {
      "options": {
        "quiet": false,
        "reportFilename": "mochawesome",
        "saveHtml": true,
        "saveJson": true,
        "consoleReporter": "spec",
        "useInlineDiffs": false,
        "code": true
      },
      "version": "7.1.3"
    },
    "marge": {
      "options": {
        "reportDir": "cypress/reports",
        "overwrite": false,
        "html": true,
        "json": true
      },
      "version": "6.2.0"
    }
  }
}