{
  "stats": {
    "suites": 7,
    "tests": 7,
    "passes": 1,
    "pending": 0,
    "failures": 6,
    "start": "2025-01-16T11:42:39.639Z",
    "end": "2025-01-16T11:43:08.590Z",
    "duration": 28951,
    "testsRegistered": 8,
    "passPercent": 12.5,
    "pendingPercent": 0,
    "other": 0,
    "hasOther": false,
    "skipped": 1,
    "hasSkipped": true
  },
  "results": [
    {
      "uuid": "b643c5f1-e9f3-4431-ad53-1cb699b78700",
      "title": "",
      "fullFile": "cypress\\e2e\\navigation.cy.ts",
      "file": "cypress\\e2e\\navigation.cy.ts",
      "beforeHooks": [],
      "afterHooks": [],
      "tests": [],
      "suites": [
        {
          "uuid": "b18883c7-7923-449f-be59-f984a9ef8088",
          "title": "Fortune Telling App Navigation",
          "fullFile": "",
          "file": "",
          "beforeHooks": [],
          "afterHooks": [],
          "tests": [],
          "suites": [
            {
              "uuid": "79ef9913-04e8-40cd-9936-017dbcd0ed44",
              "title": "Guest Navigation",
              "fullFile": "",
              "file": "",
              "beforeHooks": [],
              "afterHooks": [],
              "tests": [
                {
                  "title": "should navigate from homepage buttons",
                  "fullTitle": "Fortune Telling App Navigation Guest Navigation should navigate from homepage buttons",
                  "timedOut": null,
                  "duration": 5235,
                  "state": "failed",
                  "speed": null,
                  "pass": false,
                  "fail": true,
                  "pending": false,
                  "context": null,
                  "code": "// ヘッダーのナビゲーション確認\ncy.contains('ログイン').click();\ncy.url().should('include', '/login');\ncy.go('back');\ncy.contains('新規登録').click();\ncy.url().should('include', '/signup');\ncy.go('back');\n// 占い種類の選択\ncy.contains('タロット占い').click();\ncy.url().should('include', '/login');\ncy.go('back');\ncy.contains('四柱推命').click();\ncy.url().should('include', '/login');\ncy.go('back');\n// サブスクリプションプラン\ncy.contains('プレミアムプラン').parent().contains('このプランを選択').click();\ncy.url().should('include', '/login');\ncy.go('back');\ncy.contains('ベーシックプラン').parent().contains('このプランを選択').click();\ncy.url().should('include', '/login');",
                  "err": {
                    "message": "AssertionError: Timed out retrying after 4000ms: expected 'http://localhost:5173/' to include '/login'",
                    "estack": "AssertionError: Timed out retrying after 4000ms: expected 'http://localhost:5173/' to include '/login'\n    at Context.eval (webpack://vite-react-typescript-starter/./cypress/e2e/navigation.cy.ts:51:0)",
                    "diff": null
                  },
                  "uuid": "1a1846ca-f2d7-40ed-9fcc-3f39aa0a892b",
                  "parentUUID": "79ef9913-04e8-40cd-9936-017dbcd0ed44",
                  "isHook": false,
                  "skipped": false
                },
                {
                  "title": "should redirect protected routes to login",
                  "fullTitle": "Fortune Telling App Navigation Guest Navigation should redirect protected routes to login",
                  "timedOut": null,
                  "duration": 1706,
                  "state": "passed",
                  "speed": "fast",
                  "pass": true,
                  "fail": false,
                  "pending": false,
                  "context": null,
                  "code": "// 直接URLアクセスの確認\nfortunePaths.forEach(path => {\n    cy.visit(`/fortune/${path}`);\n    cy.url().should('include', '/login');\n});\ncy.visit('/admin');\ncy.url().should('include', '/login');\ncy.visit('/history');\ncy.url().should('include', '/login');",
                  "err": {},
                  "uuid": "4d933d82-126a-463c-a650-841d2e0df49f",
                  "parentUUID": "79ef9913-04e8-40cd-9936-017dbcd0ed44",
                  "isHook": false,
                  "skipped": false
                }
              ],
              "suites": [],
              "passes": [
                "4d933d82-126a-463c-a650-841d2e0df49f"
              ],
              "failures": [
                "1a1846ca-f2d7-40ed-9fcc-3f39aa0a892b"
              ],
              "pending": [],
              "skipped": [],
              "duration": 6941,
              "root": false,
              "rootEmpty": false,
              "_timeout": 2000
            },
            {
              "uuid": "0ede060e-712c-4d4e-923b-03d6e8c48fe2",
              "title": "Normal User Navigation",
              "fullFile": "",
              "file": "",
              "beforeHooks": [],
              "afterHooks": [],
              "tests": [
                {
                  "title": "should navigate from homepage after login",
                  "fullTitle": "Fortune Telling App Navigation Normal User Navigation should navigate from homepage after login",
                  "timedOut": null,
                  "duration": 4368,
                  "state": "failed",
                  "speed": null,
                  "pass": false,
                  "fail": true,
                  "pending": false,
                  "context": null,
                  "code": "cy.visit('/');\n// 占い種類の選択\ncy.contains('タロット占い').click();\ncy.url().should('include', '/subscription');\ncy.go('back');\ncy.contains('四柱推命').click();\ncy.url().should('include', '/subscription');\ncy.go('back');\n// ヘッダーメニュー\ncy.contains('履歴').click();\ncy.url().should('include', '/history');\ncy.go('back');\n// プロフィール操作\ncy.get('button').find('svg').click(); // プロフィールメニュー\ncy.contains('プロフィール編集').click();\ncy.url().should('include', '/personal-info');",
                  "err": {
                    "message": "AssertionError: Timed out retrying after 4000ms: Expected to find element: `input[name=\"email\"]`, but never found it.\n\nBecause this error occurred during a `before each` hook we are skipping the remaining tests in the current suite: `Normal User Navigation`",
                    "estack": "AssertionError: Timed out retrying after 4000ms: Expected to find element: `input[name=\"email\"]`, but never found it.\n\nBecause this error occurred during a `before each` hook we are skipping the remaining tests in the current suite: `Normal User Navigation`\n    at Context.eval (webpack://vite-react-typescript-starter/./cypress/e2e/navigation.cy.ts:76:0)",
                    "diff": null
                  },
                  "uuid": "fc599dcc-5512-4999-bc01-d914c4cccc27",
                  "parentUUID": "0ede060e-712c-4d4e-923b-03d6e8c48fe2",
                  "isHook": false,
                  "skipped": false
                },
                {
                  "title": "should handle subscription flow",
                  "fullTitle": "Fortune Telling App Navigation Normal User Navigation should handle subscription flow",
                  "timedOut": null,
                  "duration": 0,
                  "state": "skipped",
                  "speed": null,
                  "pass": false,
                  "fail": false,
                  "pending": false,
                  "context": null,
                  "code": "cy.visit('/');\n// サブスクリプションプラン選択\ncy.contains('プレミアムプラン').parent().contains('このプランを選択').click();\ncy.get('#payment-form').should('exist');\ncy.go('back');\ncy.contains('テストプラン').parent().contains('このプランを選択').click();\ncy.url().should('include', '/fortune/fourpillars');",
                  "err": {},
                  "uuid": "9f43af1f-5890-45a5-b5c0-04500a8f30aa",
                  "parentUUID": "0ede060e-712c-4d4e-923b-03d6e8c48fe2",
                  "isHook": false,
                  "skipped": true
                }
              ],
              "suites": [],
              "passes": [],
              "failures": [
                "fc599dcc-5512-4999-bc01-d914c4cccc27"
              ],
              "pending": [],
              "skipped": [
                "9f43af1f-5890-45a5-b5c0-04500a8f30aa"
              ],
              "duration": 4368,
              "root": false,
              "rootEmpty": false,
              "_timeout": 2000
            },
            {
              "uuid": "edefff28-32f5-4981-9435-3badbc1c1636",
              "title": "Subscribed User Navigation",
              "fullFile": "",
              "file": "",
              "beforeHooks": [],
              "afterHooks": [],
              "tests": [
                {
                  "title": "should access all fortune features from homepage",
                  "fullTitle": "Fortune Telling App Navigation Subscribed User Navigation should access all fortune features from homepage",
                  "timedOut": null,
                  "duration": 4388,
                  "state": "failed",
                  "speed": null,
                  "pass": false,
                  "fail": true,
                  "pending": false,
                  "context": null,
                  "code": "cy.visit('/');\n// 各占いメニューへのアクセス\ncy.contains('タロット占い').click();\ncy.url().should('include', '/fortune/tarot');\ncy.go('back');\ncy.contains('四柱推命').click();\ncy.url().should('include', '/fortune/fourpillars');\ncy.go('back');\n// 履歴確認\ncy.contains('履歴').click();\ncy.url().should('include', '/history');\ncy.get('.history-item').first().click();\ncy.url().should('include', '/fortune');",
                  "err": {
                    "message": "AssertionError: Timed out retrying after 4000ms: Expected to find element: `input[name=\"email\"]`, but never found it.\n\nBecause this error occurred during a `before each` hook we are skipping the remaining tests in the current suite: `Subscribed User Navigation`",
                    "estack": "AssertionError: Timed out retrying after 4000ms: Expected to find element: `input[name=\"email\"]`, but never found it.\n\nBecause this error occurred during a `before each` hook we are skipping the remaining tests in the current suite: `Subscribed User Navigation`\n    at Context.eval (webpack://vite-react-typescript-starter/./cypress/e2e/navigation.cy.ts:112:0)",
                    "diff": null
                  },
                  "uuid": "575779be-faf8-499d-9ae5-39169a465bb2",
                  "parentUUID": "edefff28-32f5-4981-9435-3badbc1c1636",
                  "isHook": false,
                  "skipped": false
                }
              ],
              "suites": [],
              "passes": [],
              "failures": [
                "575779be-faf8-499d-9ae5-39169a465bb2"
              ],
              "pending": [],
              "skipped": [],
              "duration": 4388,
              "root": false,
              "rootEmpty": false,
              "_timeout": 2000
            },
            {
              "uuid": "15f6db2d-2e80-491a-86f0-76beec3a2568",
              "title": "Test User Navigation",
              "fullFile": "",
              "file": "",
              "beforeHooks": [],
              "afterHooks": [],
              "tests": [
                {
                  "title": "should access all features without subscription",
                  "fullTitle": "Fortune Telling App Navigation Test User Navigation should access all features without subscription",
                  "timedOut": null,
                  "duration": 4354,
                  "state": "failed",
                  "speed": null,
                  "pass": false,
                  "fail": true,
                  "pending": false,
                  "context": null,
                  "code": "cy.visit('/');\n// 各占いメニューへのアクセス確認\ncy.contains('タロット占い').click();\ncy.url().should('include', '/fortune/tarot');\ncy.go('back');\ncy.contains('四柱推命').click();\ncy.url().should('include', '/fortune/fourpillars');\ncy.go('back');\n// サブスクリプションページでもテストユーザー表示の確認\ncy.visit('/subscription');\ncy.contains('テストユーザー専用プラン');",
                  "err": {
                    "message": "AssertionError: Timed out retrying after 4000ms: Expected to find element: `input[name=\"email\"]`, but never found it.\n\nBecause this error occurred during a `before each` hook we are skipping the remaining tests in the current suite: `Test User Navigation`",
                    "estack": "AssertionError: Timed out retrying after 4000ms: Expected to find element: `input[name=\"email\"]`, but never found it.\n\nBecause this error occurred during a `before each` hook we are skipping the remaining tests in the current suite: `Test User Navigation`\n    at Context.eval (webpack://vite-react-typescript-starter/./cypress/e2e/navigation.cy.ts:136:0)",
                    "diff": null
                  },
                  "uuid": "cd6afefb-cf2c-41e1-8bb1-5e48ec3b29e7",
                  "parentUUID": "15f6db2d-2e80-491a-86f0-76beec3a2568",
                  "isHook": false,
                  "skipped": false
                }
              ],
              "suites": [],
              "passes": [],
              "failures": [
                "cd6afefb-cf2c-41e1-8bb1-5e48ec3b29e7"
              ],
              "pending": [],
              "skipped": [],
              "duration": 4354,
              "root": false,
              "rootEmpty": false,
              "_timeout": 2000
            },
            {
              "uuid": "e136e605-623a-4241-90e6-b2da0d3c8211",
              "title": "Admin Navigation",
              "fullFile": "",
              "file": "",
              "beforeHooks": [],
              "afterHooks": [],
              "tests": [
                {
                  "title": "should access admin features from homepage",
                  "fullTitle": "Fortune Telling App Navigation Admin Navigation should access admin features from homepage",
                  "timedOut": null,
                  "duration": 4361,
                  "state": "failed",
                  "speed": null,
                  "pass": false,
                  "fail": true,
                  "pending": false,
                  "context": null,
                  "code": "cy.visit('/');\n// 管理者メニューの確認\ncy.contains('管理者メニュー').click();\ncy.url().should('include', '/admin');\n// ユーザー管理\ncy.contains('ユーザー管理').click();\ncy.get('table').should('exist');\ncy.contains('button', '編集').should('exist');\ncy.contains('button', '削除').should('exist');\n// システム設定\ncy.contains('システム設定').click();\ncy.contains('メンテナンスモード').should('exist');\ncy.contains('機能の有効/無効').should('exist');\ncy.contains('サブスクリプション設定').should('exist');\ncy.contains('通知設定').should('exist');\n// 通常機能へのアクセス\ncy.visit('/');\ncy.contains('タロット占い').click();\ncy.url().should('include', '/fortune/tarot');",
                  "err": {
                    "message": "AssertionError: Timed out retrying after 4000ms: Expected to find element: `input[name=\"email\"]`, but never found it.\n\nBecause this error occurred during a `before each` hook we are skipping the remaining tests in the current suite: `Admin Navigation`",
                    "estack": "AssertionError: Timed out retrying after 4000ms: Expected to find element: `input[name=\"email\"]`, but never found it.\n\nBecause this error occurred during a `before each` hook we are skipping the remaining tests in the current suite: `Admin Navigation`\n    at Context.eval (webpack://vite-react-typescript-starter/./cypress/e2e/navigation.cy.ts:158:0)",
                    "diff": null
                  },
                  "uuid": "29171a55-c2e9-481d-b3e8-8bef65daf0b6",
                  "parentUUID": "e136e605-623a-4241-90e6-b2da0d3c8211",
                  "isHook": false,
                  "skipped": false
                }
              ],
              "suites": [],
              "passes": [],
              "failures": [
                "29171a55-c2e9-481d-b3e8-8bef65daf0b6"
              ],
              "pending": [],
              "skipped": [],
              "duration": 4361,
              "root": false,
              "rootEmpty": false,
              "_timeout": 2000
            },
            {
              "uuid": "863f8b56-441e-486c-998c-4a1aec3540a1",
              "title": "New User Registration Flow",
              "fullFile": "",
              "file": "",
              "beforeHooks": [],
              "afterHooks": [],
              "tests": [
                {
                  "title": "should complete signup and personal info",
                  "fullTitle": "Fortune Telling App Navigation New User Registration Flow should complete signup and personal info",
                  "timedOut": null,
                  "duration": 4353,
                  "state": "failed",
                  "speed": null,
                  "pass": false,
                  "fail": true,
                  "pending": false,
                  "context": null,
                  "code": "cy.visit('/');\ncy.contains('新規登録').click();\n// 新規登録フォーム\ncy.get('input[name=\"email\"]').type('newuser2@example.com');\ncy.get('input[name=\"password\"]').type('password123');\ncy.get('input[name=\"confirmPassword\"]').type('password123');\ncy.contains('button', '登録').click();\n// 個人情報登録\ncy.url().should('include', '/personal-info');\ncy.get('input[name=\"name\"]').type('新規テストユーザー');\ncy.get('input[name=\"birthDate\"]').type('2000-01-01');\ncy.get('input[name=\"birthTime\"]').type('12:00');\ncy.get('input[name=\"gender\"]').type('その他');\ncy.contains('button', '登録').click();\n// 占い選択ページへ遷移\ncy.url().should('include', '/fortune');",
                  "err": {
                    "message": "AssertionError: Timed out retrying after 4000ms: Expected to find element: `input[name=\"email\"]`, but never found it.",
                    "estack": "AssertionError: Timed out retrying after 4000ms: Expected to find element: `input[name=\"email\"]`, but never found it.\n    at Context.eval (webpack://vite-react-typescript-starter/./cypress/e2e/navigation.cy.ts:189:0)",
                    "diff": null
                  },
                  "uuid": "2c11cc96-3f76-482a-8230-6d1297c0af76",
                  "parentUUID": "863f8b56-441e-486c-998c-4a1aec3540a1",
                  "isHook": false,
                  "skipped": false
                }
              ],
              "suites": [],
              "passes": [],
              "failures": [
                "2c11cc96-3f76-482a-8230-6d1297c0af76"
              ],
              "pending": [],
              "skipped": [],
              "duration": 4353,
              "root": false,
              "rootEmpty": false,
              "_timeout": 2000
            }
          ],
          "passes": [],
          "failures": [],
          "pending": [],
          "skipped": [],
          "duration": 0,
          "root": false,
          "rootEmpty": false,
          "_timeout": 2000
        }
      ],
      "passes": [],
      "failures": [],
      "pending": [],
      "skipped": [],
      "duration": 0,
      "root": true,
      "rootEmpty": true,
      "_timeout": 2000
    }
  ],
  "meta": {
    "mocha": {
      "version": "7.0.1"
    },
    "mochawesome": {
      "options": {
        "quiet": false,
        "reportFilename": "mochawesome",
        "saveHtml": true,
        "saveJson": true,
        "consoleReporter": "spec",
        "useInlineDiffs": false,
        "code": true
      },
      "version": "7.1.3"
    },
    "marge": {
      "options": {
        "reportDir": "cypress/reports",
        "overwrite": false,
        "html": true,
        "json": true
      },
      "version": "6.2.0"
    }
  }
}