{
  "stats": {
    "suites": 7,
    "tests": 7,
    "passes": 2,
    "pending": 0,
    "failures": 5,
    "start": "2025-01-16T11:46:37.311Z",
    "end": "2025-01-16T11:47:04.395Z",
    "duration": 27084,
    "testsRegistered": 7,
    "passPercent": 28.57142857142857,
    "pendingPercent": 0,
    "other": 0,
    "hasOther": false,
    "skipped": 0,
    "hasSkipped": false
  },
  "results": [
    {
      "uuid": "d6d2a611-ef2a-47b8-a5e0-3b1786375f33",
      "title": "",
      "fullFile": "cypress\\e2e\\navigation.cy.ts",
      "file": "cypress\\e2e\\navigation.cy.ts",
      "beforeHooks": [],
      "afterHooks": [],
      "tests": [],
      "suites": [
        {
          "uuid": "a460e995-264c-4a6b-94ee-f87c1dbfa3ad",
          "title": "Fortune Telling App Navigation",
          "fullFile": "",
          "file": "",
          "beforeHooks": [],
          "afterHooks": [],
          "tests": [],
          "suites": [
            {
              "uuid": "cadd737f-80a7-4dd1-a41f-47c7a740bb39",
              "title": "Guest Navigation",
              "fullFile": "",
              "file": "",
              "beforeHooks": [],
              "afterHooks": [],
              "tests": [
                {
                  "title": "should navigate from homepage buttons",
                  "fullTitle": "Fortune Telling App Navigation Guest Navigation should navigate from homepage buttons",
                  "timedOut": null,
                  "duration": 1166,
                  "state": "passed",
                  "speed": "fast",
                  "pass": true,
                  "fail": false,
                  "pending": false,
                  "context": null,
                  "code": "// ヘッダーのリンクをクリック\ncy.get('a[href=\"/login\"]').click();\ncy.url().should('include', '/login');\ncy.visit('/');\ncy.get('a[href=\"/signup\"]').click();\ncy.url().should('include', '/signup');\n// 占い選択をクリック\ncy.visit('/');\ncy.contains('div', '星占い').click();\ncy.url().should('include', '/login');\ncy.visit('/');\ncy.contains('div', 'タロット占い').click();\ncy.url().should('include', '/login');",
                  "err": {},
                  "uuid": "976e1790-734e-4e87-94b9-8745306e0db7",
                  "parentUUID": "cadd737f-80a7-4dd1-a41f-47c7a740bb39",
                  "isHook": false,
                  "skipped": false
                },
                {
                  "title": "should redirect protected routes to login",
                  "fullTitle": "Fortune Telling App Navigation Guest Navigation should redirect protected routes to login",
                  "timedOut": null,
                  "duration": 876,
                  "state": "passed",
                  "speed": "fast",
                  "pass": true,
                  "fail": false,
                  "pending": false,
                  "context": null,
                  "code": "fortunePaths.forEach(path => {\n    cy.visit(path);\n    cy.url().should('include', '/login');\n});",
                  "err": {},
                  "uuid": "b5435844-2467-4cc5-b400-4cdd4ffe042c",
                  "parentUUID": "cadd737f-80a7-4dd1-a41f-47c7a740bb39",
                  "isHook": false,
                  "skipped": false
                }
              ],
              "suites": [],
              "passes": [
                "976e1790-734e-4e87-94b9-8745306e0db7",
                "b5435844-2467-4cc5-b400-4cdd4ffe042c"
              ],
              "failures": [],
              "pending": [],
              "skipped": [],
              "duration": 2042,
              "root": false,
              "rootEmpty": false,
              "_timeout": 2000
            },
            {
              "uuid": "36509178-df36-467f-91c0-9e684c0eaf82",
              "title": "Normal User Navigation",
              "fullFile": "",
              "file": "",
              "beforeHooks": [],
              "afterHooks": [],
              "tests": [
                {
                  "title": "should navigate from homepage after login",
                  "fullTitle": "Fortune Telling App Navigation Normal User Navigation should navigate from homepage after login",
                  "timedOut": null,
                  "duration": 4956,
                  "state": "failed",
                  "speed": null,
                  "pass": false,
                  "fail": true,
                  "pending": false,
                  "context": null,
                  "code": "cy.url().should('include', '/fortune');\n// 占い選択をクリック\ncy.contains('div', '星占い').click();\ncy.url().should('include', '/subscription');\ncy.visit('/fortune');\ncy.contains('div', 'タロット占い').click();\ncy.url().should('include', '/subscription');",
                  "err": {
                    "message": "AssertionError: Timed out retrying after 4000ms: expected 'http://localhost:5173/login' to include '/fortune'",
                    "estack": "AssertionError: Timed out retrying after 4000ms: expected 'http://localhost:5173/login' to include '/fortune'\n    at Context.eval (webpack://vite-react-typescript-starter/./cypress/e2e/navigation.cy.ts:52:0)",
                    "diff": null
                  },
                  "uuid": "c7f31f5f-b2a3-4c54-a7f7-e9895317eaa9",
                  "parentUUID": "36509178-df36-467f-91c0-9e684c0eaf82",
                  "isHook": false,
                  "skipped": false
                }
              ],
              "suites": [],
              "passes": [],
              "failures": [
                "c7f31f5f-b2a3-4c54-a7f7-e9895317eaa9"
              ],
              "pending": [],
              "skipped": [],
              "duration": 4956,
              "root": false,
              "rootEmpty": false,
              "_timeout": 2000
            },
            {
              "uuid": "5ab37988-60ef-4c37-a5d3-69e696f7b7de",
              "title": "Subscribed User Navigation",
              "fullFile": "",
              "file": "",
              "beforeHooks": [],
              "afterHooks": [],
              "tests": [
                {
                  "title": "should access all fortune features from homepage",
                  "fullTitle": "Fortune Telling App Navigation Subscribed User Navigation should access all fortune features from homepage",
                  "timedOut": null,
                  "duration": 5025,
                  "state": "failed",
                  "speed": null,
                  "pass": false,
                  "fail": true,
                  "pending": false,
                  "context": null,
                  "code": "cy.url().should('include', '/fortune');\n// 占い選択をクリック\ncy.contains('div', '星占い').click();\ncy.url().should('include', '/fortune/astrology');\ncy.visit('/fortune');\ncy.contains('div', 'タロット占い').click();\ncy.url().should('include', '/fortune/tarot');",
                  "err": {
                    "message": "AssertionError: Timed out retrying after 4000ms: expected 'http://localhost:5173/login' to include '/fortune'",
                    "estack": "AssertionError: Timed out retrying after 4000ms: expected 'http://localhost:5173/login' to include '/fortune'\n    at Context.eval (webpack://vite-react-typescript-starter/./cypress/e2e/navigation.cy.ts:69:0)",
                    "diff": null
                  },
                  "uuid": "4474caca-ff74-4277-9d2a-0cdc95875078",
                  "parentUUID": "5ab37988-60ef-4c37-a5d3-69e696f7b7de",
                  "isHook": false,
                  "skipped": false
                }
              ],
              "suites": [],
              "passes": [],
              "failures": [
                "4474caca-ff74-4277-9d2a-0cdc95875078"
              ],
              "pending": [],
              "skipped": [],
              "duration": 5025,
              "root": false,
              "rootEmpty": false,
              "_timeout": 2000
            },
            {
              "uuid": "633d2447-9935-4036-96ea-e363c63d1f3f",
              "title": "Test User Navigation",
              "fullFile": "",
              "file": "",
              "beforeHooks": [],
              "afterHooks": [],
              "tests": [
                {
                  "title": "should access all features without subscription",
                  "fullTitle": "Fortune Telling App Navigation Test User Navigation should access all features without subscription",
                  "timedOut": null,
                  "duration": 4932,
                  "state": "failed",
                  "speed": null,
                  "pass": false,
                  "fail": true,
                  "pending": false,
                  "context": null,
                  "code": "cy.url().should('include', '/fortune');\n// 占い選択をクリック\ncy.contains('div', '星占い').click();\ncy.url().should('include', '/fortune/astrology');\ncy.visit('/fortune');\ncy.contains('div', 'タロット占い').click();\ncy.url().should('include', '/fortune/tarot');",
                  "err": {
                    "message": "AssertionError: Timed out retrying after 4000ms: Expected to find content: '星占い' within the selector: 'div' but never did.",
                    "estack": "AssertionError: Timed out retrying after 4000ms: Expected to find content: '星占い' within the selector: 'div' but never did.\n    at Context.eval (webpack://vite-react-typescript-starter/./cypress/e2e/navigation.cy.ts:88:0)",
                    "diff": null
                  },
                  "uuid": "a60c2465-b453-4ab6-bd00-a34ca388585f",
                  "parentUUID": "633d2447-9935-4036-96ea-e363c63d1f3f",
                  "isHook": false,
                  "skipped": false
                }
              ],
              "suites": [],
              "passes": [],
              "failures": [
                "a60c2465-b453-4ab6-bd00-a34ca388585f"
              ],
              "pending": [],
              "skipped": [],
              "duration": 4932,
              "root": false,
              "rootEmpty": false,
              "_timeout": 2000
            },
            {
              "uuid": "18f77409-d7de-4e7a-ad46-077a1c682eb7",
              "title": "Admin Navigation",
              "fullFile": "",
              "file": "",
              "beforeHooks": [],
              "afterHooks": [],
              "tests": [
                {
                  "title": "should access admin features from homepage",
                  "fullTitle": "Fortune Telling App Navigation Admin Navigation should access admin features from homepage",
                  "timedOut": null,
                  "duration": 4992,
                  "state": "failed",
                  "speed": null,
                  "pass": false,
                  "fail": true,
                  "pending": false,
                  "context": null,
                  "code": "cy.url().should('include', '/fortune');\n// 管理画面リンクをクリック\ncy.get('a[href=\"/admin\"]').click();\ncy.url().should('include', '/admin');",
                  "err": {
                    "message": "AssertionError: Timed out retrying after 4000ms: expected 'http://localhost:5173/login' to include '/fortune'",
                    "estack": "AssertionError: Timed out retrying after 4000ms: expected 'http://localhost:5173/login' to include '/fortune'\n    at Context.eval (webpack://vite-react-typescript-starter/./cypress/e2e/navigation.cy.ts:103:0)",
                    "diff": null
                  },
                  "uuid": "e63859b9-16e9-4f00-996f-cba7a2aff258",
                  "parentUUID": "18f77409-d7de-4e7a-ad46-077a1c682eb7",
                  "isHook": false,
                  "skipped": false
                }
              ],
              "suites": [],
              "passes": [],
              "failures": [
                "e63859b9-16e9-4f00-996f-cba7a2aff258"
              ],
              "pending": [],
              "skipped": [],
              "duration": 4992,
              "root": false,
              "rootEmpty": false,
              "_timeout": 2000
            },
            {
              "uuid": "4237225e-9da0-4909-904e-9af123fcd859",
              "title": "New User Registration Flow",
              "fullFile": "",
              "file": "",
              "beforeHooks": [],
              "afterHooks": [],
              "tests": [
                {
                  "title": "should complete signup and personal info",
                  "fullTitle": "Fortune Telling App Navigation New User Registration Flow should complete signup and personal info",
                  "timedOut": null,
                  "duration": 4970,
                  "state": "failed",
                  "speed": null,
                  "pass": false,
                  "fail": true,
                  "pending": false,
                  "context": null,
                  "code": "cy.visit('/');\ncy.get('a[href=\"/signup\"]').click();\ncy.url().should('include', '/signup');\n// サインアップフォームの入力\ncy.get('input[type=\"email\"]').type(users.new.email);\ncy.get('input[type=\"password\"]').type(users.new.password);\ncy.get('input[type=\"password\"]').eq(1).type(users.new.password);\ncy.get('form').submit();\n// パーソナル情報の入力\ncy.get('input[placeholder=\"お名前（ニックネーム可）\"]').type('Test User');\ncy.contains('button', '次へ').click();\ncy.get('input[type=\"date\"]').type('2000-01-01');\ncy.contains('button', '次へ').click();\ncy.get('input[type=\"time\"]').type('12:00');\ncy.contains('button', '次へ').click();\ncy.contains('button', '男性').click();\ncy.contains('button', '完了').click();\n// フォーチュンページへの遷移を確認\ncy.url().should('include', '/fortune');",
                  "err": {
                    "message": "AssertionError: Timed out retrying after 4000ms: Expected to find element: `1`, but never found it. Queried from:\n\n              > cy.get(input[type=\"password\"])",
                    "estack": "AssertionError: Timed out retrying after 4000ms: Expected to find element: `1`, but never found it. Queried from:\n\n              > cy.get(input[type=\"password\"])\n    at Context.eval (webpack://vite-react-typescript-starter/./cypress/e2e/navigation.cy.ts:117:0)",
                    "diff": null
                  },
                  "uuid": "b13328cd-ff5b-495d-a884-f620f79e0a69",
                  "parentUUID": "4237225e-9da0-4909-904e-9af123fcd859",
                  "isHook": false,
                  "skipped": false
                }
              ],
              "suites": [],
              "passes": [],
              "failures": [
                "b13328cd-ff5b-495d-a884-f620f79e0a69"
              ],
              "pending": [],
              "skipped": [],
              "duration": 4970,
              "root": false,
              "rootEmpty": false,
              "_timeout": 2000
            }
          ],
          "passes": [],
          "failures": [],
          "pending": [],
          "skipped": [],
          "duration": 0,
          "root": false,
          "rootEmpty": false,
          "_timeout": 2000
        }
      ],
      "passes": [],
      "failures": [],
      "pending": [],
      "skipped": [],
      "duration": 0,
      "root": true,
      "rootEmpty": true,
      "_timeout": 2000
    }
  ],
  "meta": {
    "mocha": {
      "version": "7.0.1"
    },
    "mochawesome": {
      "options": {
        "quiet": false,
        "reportFilename": "mochawesome",
        "saveHtml": true,
        "saveJson": true,
        "consoleReporter": "spec",
        "useInlineDiffs": false,
        "code": true
      },
      "version": "7.1.3"
    },
    "marge": {
      "options": {
        "reportDir": "cypress/reports",
        "overwrite": false,
        "html": true,
        "json": true
      },
      "version": "6.2.0"
    }
  }
}