{
  "stats": {
    "suites": 1,
    "tests": 6,
    "passes": 1,
    "pending": 0,
    "failures": 5,
    "start": "2025-01-16T12:01:06.028Z",
    "end": "2025-01-16T12:01:32.131Z",
    "duration": 26103,
    "testsRegistered": 6,
    "passPercent": 16.666666666666664,
    "pendingPercent": 0,
    "other": 0,
    "hasOther": false,
    "skipped": 0,
    "hasSkipped": false
  },
  "results": [
    {
      "uuid": "a7051623-4e9a-4c6b-a35c-d9829e775fce",
      "title": "",
      "fullFile": "cypress\\e2e\\navigation.cy.ts",
      "file": "cypress\\e2e\\navigation.cy.ts",
      "beforeHooks": [],
      "afterHooks": [],
      "tests": [],
      "suites": [
        {
          "uuid": "30432f42-aff6-4fd4-9b62-25a31ae19afb",
          "title": "Fortune Telling App Navigation",
          "fullFile": "",
          "file": "",
          "beforeHooks": [],
          "afterHooks": [],
          "tests": [
            {
              "title": "Guest navigation",
              "fullTitle": "Fortune Telling App Navigation Guest navigation",
              "timedOut": null,
              "duration": 632,
              "state": "passed",
              "speed": "fast",
              "pass": true,
              "fail": false,
              "pending": false,
              "context": null,
              "code": "cy.get('a[href=\"/login\"]').click();\ncy.url().should('include', '/login');\ncy.go('back');\ncy.get('a[href=\"/signup\"]').click();\ncy.url().should('include', '/signup');",
              "err": {},
              "uuid": "1d68b6aa-703b-43da-8fb1-7c574b87e48c",
              "parentUUID": "30432f42-aff6-4fd4-9b62-25a31ae19afb",
              "isHook": false,
              "skipped": false
            },
            {
              "title": "Normal user navigation",
              "fullTitle": "Fortune Telling App Navigation Normal user navigation",
              "timedOut": null,
              "duration": 5117,
              "state": "failed",
              "speed": null,
              "pass": false,
              "fail": true,
              "pending": false,
              "context": null,
              "code": "cy.get('a[href=\"/login\"]').click();\ncy.get('input[type=\"email\"]').type('user@example.com');\ncy.get('input[type=\"password\"]').type('password123');\ncy.get('button[type=\"submit\"]').click();\ncy.url().should('include', '/fortune');\ncy.get('div').contains('星占い').click();\ncy.url().should('include', '/fortune/astrology');",
              "err": {
                "message": "AssertionError: Timed out retrying after 4000ms: expected 'http://localhost:5173/login' to include '/fortune'",
                "estack": "AssertionError: Timed out retrying after 4000ms: expected 'http://localhost:5173/login' to include '/fortune'\n    at Context.eval (webpack://vite-react-typescript-starter/./cypress/e2e/navigation.cy.ts:18:0)",
                "diff": null
              },
              "uuid": "71f90afc-a1b3-4e5c-bd64-46716b22db5d",
              "parentUUID": "30432f42-aff6-4fd4-9b62-25a31ae19afb",
              "isHook": false,
              "skipped": false
            },
            {
              "title": "Subscribed user navigation",
              "fullTitle": "Fortune Telling App Navigation Subscribed user navigation",
              "timedOut": null,
              "duration": 5116,
              "state": "failed",
              "speed": null,
              "pass": false,
              "fail": true,
              "pending": false,
              "context": null,
              "code": "cy.get('a[href=\"/login\"]').click();\ncy.get('input[type=\"email\"]').type('subscriber@example.com');\ncy.get('input[type=\"password\"]').type('password123');\ncy.get('button[type=\"submit\"]').click();\ncy.url().should('include', '/fortune');\ncy.get('div').contains('星占い').click();\ncy.url().should('include', '/fortune/astrology');",
              "err": {
                "message": "AssertionError: Timed out retrying after 4000ms: expected 'http://localhost:5173/login' to include '/fortune'",
                "estack": "AssertionError: Timed out retrying after 4000ms: expected 'http://localhost:5173/login' to include '/fortune'\n    at Context.eval (webpack://vite-react-typescript-starter/./cypress/e2e/navigation.cy.ts:27:0)",
                "diff": null
              },
              "uuid": "055b5b5a-0f71-4f01-885a-d499ab77e1e3",
              "parentUUID": "30432f42-aff6-4fd4-9b62-25a31ae19afb",
              "isHook": false,
              "skipped": false
            },
            {
              "title": "Test user navigation",
              "fullTitle": "Fortune Telling App Navigation Test user navigation",
              "timedOut": null,
              "duration": 4992,
              "state": "failed",
              "speed": null,
              "pass": false,
              "fail": true,
              "pending": false,
              "context": null,
              "code": "cy.get('a[href=\"/login\"]').click();\ncy.get('input[type=\"email\"]').type('test@example.com');\ncy.get('input[type=\"password\"]').type('password123');\ncy.get('button[type=\"submit\"]').click();\ncy.url().should('include', '/fortune');\ncy.get('div').contains('星占い').click();\ncy.url().should('include', '/fortune/astrology');",
              "err": {
                "message": "AssertionError: Timed out retrying after 4000ms: Expected to find content: '星占い' within the element: <div.w-2.h-2.rounded-full.transition-colors.bg-purple-800> but never did.",
                "estack": "AssertionError: Timed out retrying after 4000ms: Expected to find content: '星占い' within the element: <div.w-2.h-2.rounded-full.transition-colors.bg-purple-800> but never did.\n    at Context.eval (webpack://vite-react-typescript-starter/./cypress/e2e/navigation.cy.ts:37:0)",
                "diff": null
              },
              "uuid": "187607cb-9f83-42c9-84cd-936be357cdd0",
              "parentUUID": "30432f42-aff6-4fd4-9b62-25a31ae19afb",
              "isHook": false,
              "skipped": false
            },
            {
              "title": "Admin navigation",
              "fullTitle": "Fortune Telling App Navigation Admin navigation",
              "timedOut": null,
              "duration": 5050,
              "state": "failed",
              "speed": null,
              "pass": false,
              "fail": true,
              "pending": false,
              "context": null,
              "code": "cy.get('a[href=\"/login\"]').click();\ncy.get('input[type=\"email\"]').type('admin@example.com');\ncy.get('input[type=\"password\"]').type('password123');\ncy.get('button[type=\"submit\"]').click();\ncy.url().should('include', '/fortune');\ncy.get('header').contains('管理画面').click();\ncy.url().should('include', '/admin');",
              "err": {
                "message": "AssertionError: Timed out retrying after 4000ms: expected 'http://localhost:5173/login' to include '/fortune'",
                "estack": "AssertionError: Timed out retrying after 4000ms: expected 'http://localhost:5173/login' to include '/fortune'\n    at Context.eval (webpack://vite-react-typescript-starter/./cypress/e2e/navigation.cy.ts:45:0)",
                "diff": null
              },
              "uuid": "2c5d19b1-bec6-4c7d-a587-f6e9d2c5d278",
              "parentUUID": "30432f42-aff6-4fd4-9b62-25a31ae19afb",
              "isHook": false,
              "skipped": false
            },
            {
              "title": "New user registration flow",
              "fullTitle": "Fortune Telling App Navigation New user registration flow",
              "timedOut": null,
              "duration": 5047,
              "state": "failed",
              "speed": null,
              "pass": false,
              "fail": true,
              "pending": false,
              "context": null,
              "code": "cy.get('a[href=\"/signup\"]').click();\ncy.get('input[type=\"email\"]').type('new@example.com');\ncy.get('input[type=\"password\"]').type('password123');\ncy.get('button[type=\"submit\"]').click();\ncy.url().should('include', '/personal-info');\ncy.get('input[name=\"name\"]').type('Test User');\ncy.get('input[name=\"birthDate\"]').type('1990-01-01');\ncy.get('select[name=\"gender\"]').select('male');\ncy.get('button[type=\"submit\"]').click();\ncy.url().should('include', '/fortune');",
              "err": {
                "message": "AssertionError: Timed out retrying after 4000ms: expected 'http://localhost:5173/signup' to include '/personal-info'",
                "estack": "AssertionError: Timed out retrying after 4000ms: expected 'http://localhost:5173/signup' to include '/personal-info'\n    at Context.eval (webpack://vite-react-typescript-starter/./cypress/e2e/navigation.cy.ts:54:0)",
                "diff": null
              },
              "uuid": "1cf866ca-1aab-40b3-b1cc-4d5da64cf7c4",
              "parentUUID": "30432f42-aff6-4fd4-9b62-25a31ae19afb",
              "isHook": false,
              "skipped": false
            }
          ],
          "suites": [],
          "passes": [
            "1d68b6aa-703b-43da-8fb1-7c574b87e48c"
          ],
          "failures": [
            "71f90afc-a1b3-4e5c-bd64-46716b22db5d",
            "055b5b5a-0f71-4f01-885a-d499ab77e1e3",
            "187607cb-9f83-42c9-84cd-936be357cdd0",
            "2c5d19b1-bec6-4c7d-a587-f6e9d2c5d278",
            "1cf866ca-1aab-40b3-b1cc-4d5da64cf7c4"
          ],
          "pending": [],
          "skipped": [],
          "duration": 25954,
          "root": false,
          "rootEmpty": false,
          "_timeout": 2000
        }
      ],
      "passes": [],
      "failures": [],
      "pending": [],
      "skipped": [],
      "duration": 0,
      "root": true,
      "rootEmpty": true,
      "_timeout": 2000
    }
  ],
  "meta": {
    "mocha": {
      "version": "7.0.1"
    },
    "mochawesome": {
      "options": {
        "quiet": false,
        "reportFilename": "mochawesome",
        "saveHtml": true,
        "saveJson": true,
        "consoleReporter": "spec",
        "useInlineDiffs": false,
        "code": true
      },
      "version": "7.1.3"
    },
    "marge": {
      "options": {
        "reportDir": "cypress/reports",
        "overwrite": false,
        "html": true,
        "json": true
      },
      "version": "6.2.0"
    }
  }
}