{
  "stats": {
    "suites": 1,
    "tests": 6,
    "passes": 1,
    "pending": 0,
    "failures": 5,
    "start": "2025-01-16T12:05:44.105Z",
    "end": "2025-01-16T12:06:11.029Z",
    "duration": 26924,
    "testsRegistered": 6,
    "passPercent": 16.666666666666664,
    "pendingPercent": 0,
    "other": 0,
    "hasOther": false,
    "skipped": 0,
    "hasSkipped": false
  },
  "results": [
    {
      "uuid": "321427ce-4b62-4b57-8557-4334006188cf",
      "title": "",
      "fullFile": "cypress\\e2e\\navigation.cy.ts",
      "file": "cypress\\e2e\\navigation.cy.ts",
      "beforeHooks": [],
      "afterHooks": [],
      "tests": [],
      "suites": [
        {
          "uuid": "1a17920b-9204-4fee-abc3-e534f55e769c",
          "title": "Fortune Telling App Navigation",
          "fullFile": "",
          "file": "",
          "beforeHooks": [],
          "afterHooks": [],
          "tests": [
            {
              "title": "Guest navigation",
              "fullTitle": "Fortune Telling App Navigation Guest navigation",
              "timedOut": null,
              "duration": 652,
              "state": "passed",
              "speed": "fast",
              "pass": true,
              "fail": false,
              "pending": false,
              "context": null,
              "code": "cy.get('a[href=\"/login\"]').click();\ncy.url().should('include', '/login');\ncy.go('back');\ncy.get('a[href=\"/signup\"]').click();\ncy.url().should('include', '/signup');",
              "err": {},
              "uuid": "7184eb2b-323a-4aff-ab8c-718affc1a7b2",
              "parentUUID": "1a17920b-9204-4fee-abc3-e534f55e769c",
              "isHook": false,
              "skipped": false
            },
            {
              "title": "Normal user navigation",
              "fullTitle": "Fortune Telling App Navigation Normal user navigation",
              "timedOut": null,
              "duration": 5330,
              "state": "failed",
              "speed": null,
              "pass": false,
              "fail": true,
              "pending": false,
              "context": null,
              "code": "cy.intercept('POST', '/api/auth/login', {\n    statusCode: 200,\n    body: {\n        token: 'mock-token',\n        user: {\n            id: '1',\n            email: 'user@example.com',\n            role: 'USER',\n            isSubscribed: false\n        }\n    }\n}).as('loginRequest');\ncy.get('a[href=\"/login\"]').click();\ncy.get('input[type=\"email\"]').type('user@example.com');\ncy.get('input[type=\"password\"]').type('password123');\ncy.get('button[type=\"submit\"]').click();\ncy.wait('@loginRequest');\ncy.url().should('include', '/fortune');\ncy.get('div.cursor-pointer').contains('星占い').click();\ncy.url().should('include', '/fortune/astrology');",
              "err": {
                "message": "AssertionError: Timed out retrying after 4000ms: Expected to find element: `div.cursor-pointer`, but never found it.",
                "estack": "AssertionError: Timed out retrying after 4000ms: Expected to find element: `div.cursor-pointer`, but never found it.\n    at Context.eval (webpack://vite-react-typescript-starter/./cypress/e2e/navigation.cy.ts:32:0)",
                "diff": null
              },
              "uuid": "50f62557-ebf3-456b-b278-2d1b8f620b41",
              "parentUUID": "1a17920b-9204-4fee-abc3-e534f55e769c",
              "isHook": false,
              "skipped": false
            },
            {
              "title": "Subscribed user navigation",
              "fullTitle": "Fortune Telling App Navigation Subscribed user navigation",
              "timedOut": null,
              "duration": 5107,
              "state": "failed",
              "speed": null,
              "pass": false,
              "fail": true,
              "pending": false,
              "context": null,
              "code": "cy.intercept('POST', '/api/auth/login', {\n    statusCode: 200,\n    body: {\n        token: 'mock-token',\n        user: {\n            id: '2',\n            email: 'subscriber@example.com',\n            role: 'USER',\n            isSubscribed: true\n        }\n    }\n}).as('loginRequest');\ncy.get('a[href=\"/login\"]').click();\ncy.get('input[type=\"email\"]').type('subscriber@example.com');\ncy.get('input[type=\"password\"]').type('password123');\ncy.get('button[type=\"submit\"]').click();\ncy.wait('@loginRequest');\ncy.url().should('include', '/fortune');\ncy.get('div.cursor-pointer').contains('星占い').click();\ncy.url().should('include', '/fortune/astrology');",
              "err": {
                "message": "AssertionError: Timed out retrying after 4000ms: Expected to find element: `div.cursor-pointer`, but never found it.",
                "estack": "AssertionError: Timed out retrying after 4000ms: Expected to find element: `div.cursor-pointer`, but never found it.\n    at Context.eval (webpack://vite-react-typescript-starter/./cypress/e2e/navigation.cy.ts:54:0)",
                "diff": null
              },
              "uuid": "d92a835a-8a3a-4b92-8158-36875a205f8c",
              "parentUUID": "1a17920b-9204-4fee-abc3-e534f55e769c",
              "isHook": false,
              "skipped": false
            },
            {
              "title": "Test user navigation",
              "fullTitle": "Fortune Telling App Navigation Test user navigation",
              "timedOut": null,
              "duration": 5289,
              "state": "failed",
              "speed": null,
              "pass": false,
              "fail": true,
              "pending": false,
              "context": null,
              "code": "cy.intercept('POST', '/api/auth/login', {\n    statusCode: 200,\n    body: {\n        token: 'mock-token',\n        user: {\n            id: '3',\n            email: 'test@example.com',\n            role: 'TEST_USER',\n            isSubscribed: true\n        }\n    }\n}).as('loginRequest');\ncy.get('a[href=\"/login\"]').click();\ncy.get('input[type=\"email\"]').type('test@example.com');\ncy.get('input[type=\"password\"]').type('password123');\ncy.get('button[type=\"submit\"]').click();\ncy.wait('@loginRequest');\ncy.url().should('include', '/fortune');\ncy.get('div.cursor-pointer').contains('星占い').click();\ncy.url().should('include', '/fortune/astrology');",
              "err": {
                "message": "AssertionError: Timed out retrying after 4000ms: Expected to find element: `div.cursor-pointer`, but never found it.",
                "estack": "AssertionError: Timed out retrying after 4000ms: Expected to find element: `div.cursor-pointer`, but never found it.\n    at Context.eval (webpack://vite-react-typescript-starter/./cypress/e2e/navigation.cy.ts:76:0)",
                "diff": null
              },
              "uuid": "5fad2f10-8488-46b9-b65e-24496df587ce",
              "parentUUID": "1a17920b-9204-4fee-abc3-e534f55e769c",
              "isHook": false,
              "skipped": false
            },
            {
              "title": "Admin navigation",
              "fullTitle": "Fortune Telling App Navigation Admin navigation",
              "timedOut": null,
              "duration": 5040,
              "state": "failed",
              "speed": null,
              "pass": false,
              "fail": true,
              "pending": false,
              "context": null,
              "code": "cy.intercept('POST', '/api/auth/login', {\n    statusCode: 200,\n    body: {\n        token: 'mock-token',\n        user: {\n            id: '4',\n            email: 'admin@example.com',\n            role: 'ADMIN',\n            isSubscribed: true\n        }\n    }\n}).as('loginRequest');\ncy.get('a[href=\"/login\"]').click();\ncy.get('input[type=\"email\"]').type('admin@example.com');\ncy.get('input[type=\"password\"]').type('password123');\ncy.get('button[type=\"submit\"]').click();\ncy.wait('@loginRequest');\ncy.url().should('include', '/fortune');\ncy.get('a[href=\"/admin\"]').click();\ncy.url().should('include', '/admin');",
              "err": {
                "message": "AssertionError: Timed out retrying after 4000ms: Expected to find element: `a[href=\"/admin\"]`, but never found it.",
                "estack": "AssertionError: Timed out retrying after 4000ms: Expected to find element: `a[href=\"/admin\"]`, but never found it.\n    at Context.eval (webpack://vite-react-typescript-starter/./cypress/e2e/navigation.cy.ts:98:0)",
                "diff": null
              },
              "uuid": "55f410e7-522a-4a06-bd6b-6447374330ca",
              "parentUUID": "1a17920b-9204-4fee-abc3-e534f55e769c",
              "isHook": false,
              "skipped": false
            },
            {
              "title": "New user registration flow",
              "fullTitle": "Fortune Telling App Navigation New user registration flow",
              "timedOut": null,
              "duration": 5333,
              "state": "failed",
              "speed": null,
              "pass": false,
              "fail": true,
              "pending": false,
              "context": null,
              "code": "cy.intercept('POST', '/api/auth/signup', {\n    statusCode: 200,\n    body: {\n        token: 'mock-token',\n        user: {\n            id: '5',\n            email: 'new@example.com',\n            role: 'USER',\n            isSubscribed: false\n        }\n    }\n}).as('signupRequest');\ncy.intercept('POST', '/api/user/personal-info', {\n    statusCode: 200,\n    body: {\n        message: 'Personal info saved successfully'\n    }\n}).as('personalInfoRequest');\ncy.get('a[href=\"/signup\"]').click();\ncy.get('input[type=\"email\"]').type('new@example.com');\ncy.get('input[type=\"password\"]').type('password123');\ncy.get('button[type=\"submit\"]').click();\ncy.wait('@signupRequest');\ncy.url().should('include', '/personal-info');\ncy.get('input[name=\"name\"]').type('Test User');\ncy.get('input[name=\"birthDate\"]').type('2000-01-01');\ncy.get('button[type=\"submit\"]').click();\ncy.wait('@personalInfoRequest');\ncy.url().should('include', '/fortune');",
              "err": {
                "message": "AssertionError: Timed out retrying after 4000ms: Expected to find element: `input[name=\"name\"]`, but never found it.",
                "estack": "AssertionError: Timed out retrying after 4000ms: Expected to find element: `input[name=\"name\"]`, but never found it.\n    at Context.eval (webpack://vite-react-typescript-starter/./cypress/e2e/navigation.cy.ts:126:0)",
                "diff": null
              },
              "uuid": "28513a78-4f05-4de8-80cd-354b79ea0bfc",
              "parentUUID": "1a17920b-9204-4fee-abc3-e534f55e769c",
              "isHook": false,
              "skipped": false
            }
          ],
          "suites": [],
          "passes": [
            "7184eb2b-323a-4aff-ab8c-718affc1a7b2"
          ],
          "failures": [
            "50f62557-ebf3-456b-b278-2d1b8f620b41",
            "d92a835a-8a3a-4b92-8158-36875a205f8c",
            "5fad2f10-8488-46b9-b65e-24496df587ce",
            "55f410e7-522a-4a06-bd6b-6447374330ca",
            "28513a78-4f05-4de8-80cd-354b79ea0bfc"
          ],
          "pending": [],
          "skipped": [],
          "duration": 26751,
          "root": false,
          "rootEmpty": false,
          "_timeout": 2000
        }
      ],
      "passes": [],
      "failures": [],
      "pending": [],
      "skipped": [],
      "duration": 0,
      "root": true,
      "rootEmpty": true,
      "_timeout": 2000
    }
  ],
  "meta": {
    "mocha": {
      "version": "7.0.1"
    },
    "mochawesome": {
      "options": {
        "quiet": false,
        "reportFilename": "mochawesome",
        "saveHtml": true,
        "saveJson": true,
        "consoleReporter": "spec",
        "useInlineDiffs": false,
        "code": true
      },
      "version": "7.1.3"
    },
    "marge": {
      "options": {
        "reportDir": "cypress/reports",
        "overwrite": false,
        "html": true,
        "json": true
      },
      "version": "6.2.0"
    }
  }
}